2025-11-22 10:16:26.851 [info] [main] Log level: Info
2025-11-22 10:16:26.851 [info] [main] Validating found git in: "git"
2025-11-22 10:16:26.851 [info] [main] Using git "2.52.0" from "git"
2025-11-22 10:16:26.851 [info] [Model][doInitialScan] Initial repository scan started
2025-11-22 10:16:26.852 [info] > git rev-parse --show-toplevel [4ms]
2025-11-22 10:16:26.852 [info] fatal: not a git repository (or any of the parent directories): .git
2025-11-22 10:16:26.856 [info] > git rev-parse --show-toplevel [1ms]
2025-11-22 10:16:26.856 [info] fatal: not a git repository (or any of the parent directories): .git
2025-11-22 10:16:26.872 [info] > git rev-parse --show-toplevel [1ms]
2025-11-22 10:16:26.872 [info] fatal: not a git repository (or any of the parent directories): .git
2025-11-22 10:16:26.874 [info] > git rev-parse --show-toplevel [1ms]
2025-11-22 10:16:26.874 [info] fatal: not a git repository (or any of the parent directories): .git
2025-11-22 10:16:26.876 [info] > git rev-parse --show-toplevel [1ms]
2025-11-22 10:16:26.876 [info] fatal: not a git repository (or any of the parent directories): .git
2025-11-22 10:16:26.880 [info] > git rev-parse --show-toplevel [2ms]
2025-11-22 10:16:26.880 [info] fatal: not a git repository (or any of the parent directories): .git
2025-11-22 10:16:26.882 [info] > git rev-parse --show-toplevel [1ms]
2025-11-22 10:16:26.882 [info] fatal: not a git repository (or any of the parent directories): .git
2025-11-22 10:16:26.887 [info] > git rev-parse --show-toplevel [4ms]
2025-11-22 10:16:26.887 [info] fatal: not a git repository (or any of the parent directories): .git
2025-11-22 10:16:27.017 [info] > git rev-parse --show-toplevel [8ms]
2025-11-22 10:16:27.017 [info] fatal: not a git repository (or any of the parent directories): .git
2025-11-22 10:16:27.021 [info] > git rev-parse --show-toplevel [1ms]
2025-11-22 10:16:27.021 [info] fatal: not a git repository (or any of the parent directories): .git
2025-11-22 10:16:27.024 [info] > git rev-parse --show-toplevel [1ms]
2025-11-22 10:16:27.024 [info] fatal: not a git repository (or any of the parent directories): .git
2025-11-22 10:16:27.026 [info] > git rev-parse --show-toplevel [1ms]
2025-11-22 10:16:27.026 [info] fatal: not a git repository (or any of the parent directories): .git
2025-11-22 10:16:27.029 [info] > git rev-parse --show-toplevel [2ms]
2025-11-22 10:16:27.032 [info] > git rev-parse --git-dir --git-common-dir --show-superproject-working-tree [2ms]
2025-11-22 10:16:27.038 [info] [Model][openRepository] Opened repository (path): /home/inu/.oh-my-zsh
2025-11-22 10:16:27.038 [info] [Model][openRepository] Opened repository (real path): /home/inu/.oh-my-zsh
2025-11-22 10:16:27.038 [info] [Model][openRepository] Opened repository (kind): repository
2025-11-22 10:16:27.044 [info] > git rev-parse --show-toplevel [1ms]
2025-11-22 10:16:27.044 [info] fatal: not a git repository (or any of the parent directories): .git
2025-11-22 10:16:27.044 [info] > git config --get commit.template [3ms]
2025-11-22 10:16:27.049 [info] > git rev-parse --show-toplevel [3ms]
2025-11-22 10:16:27.049 [info] fatal: not a git repository (or any of the parent directories): .git
2025-11-22 10:16:27.051 [info] > git rev-parse --show-toplevel [1ms]
2025-11-22 10:16:27.051 [info] fatal: not a git repository (or any of the parent directories): .git
2025-11-22 10:16:27.052 [info] > git for-each-ref --format=%(refname)%00%(upstream:short)%00%(objectname)%00%(upstream:track)%00%(upstream:remotename)%00%(upstream:remoteref) refs/heads/master refs/remotes/master [4ms]
2025-11-22 10:16:27.053 [info] > git rev-parse --show-toplevel [1ms]
2025-11-22 10:16:27.053 [info] fatal: not a git repository (or any of the parent directories): .git
2025-11-22 10:16:27.058 [info] > git rev-parse --show-toplevel [4ms]
2025-11-22 10:16:27.058 [info] fatal: not a git repository (or any of the parent directories): .git
2025-11-22 10:16:27.060 [info] > git for-each-ref --sort -committerdate --format %(refname)%00%(objectname)%00%(*objectname) [2ms]
2025-11-22 10:16:27.061 [info] > git rev-parse --show-toplevel [1ms]
2025-11-22 10:16:27.061 [info] fatal: not a git repository (or any of the parent directories): .git
2025-11-22 10:16:27.064 [info] > git rev-parse --show-toplevel [0ms]
2025-11-22 10:16:27.064 [info] fatal: not a git repository (or any of the parent directories): .git
2025-11-22 10:16:27.065 [info] > git rev-parse --show-toplevel [0ms]
2025-11-22 10:16:27.065 [info] fatal: not a git repository (or any of the parent directories): .git
2025-11-22 10:16:27.067 [info] > git rev-parse --show-toplevel [0ms]
2025-11-22 10:16:27.067 [info] fatal: not a git repository (or any of the parent directories): .git
2025-11-22 10:16:27.069 [info] > git rev-parse --show-toplevel [1ms]
2025-11-22 10:16:27.069 [info] fatal: not a git repository (or any of the parent directories): .git
2025-11-22 10:16:27.071 [info] > git rev-parse --show-toplevel [1ms]
2025-11-22 10:16:27.071 [info] fatal: not a git repository (or any of the parent directories): .git
2025-11-22 10:16:27.073 [info] > git rev-parse --show-toplevel [1ms]
2025-11-22 10:16:27.073 [info] fatal: not a git repository (or any of the parent directories): .git
2025-11-22 10:16:27.075 [info] > git rev-parse --show-toplevel [0ms]
2025-11-22 10:16:27.075 [info] fatal: not a git repository (or any of the parent directories): .git
2025-11-22 10:16:27.076 [info] > git rev-parse --show-toplevel [0ms]
2025-11-22 10:16:27.076 [info] fatal: not a git repository (or any of the parent directories): .git
2025-11-22 10:16:27.078 [info] > git rev-parse --show-toplevel [0ms]
2025-11-22 10:16:27.078 [info] fatal: not a git repository (or any of the parent directories): .git
2025-11-22 10:16:27.080 [info] > git rev-parse --show-toplevel [1ms]
2025-11-22 10:16:27.080 [info] fatal: not a git repository (or any of the parent directories): .git
2025-11-22 10:16:27.082 [info] > git rev-parse --show-toplevel [1ms]
2025-11-22 10:16:27.082 [info] fatal: not a git repository (or any of the parent directories): .git
2025-11-22 10:16:27.084 [info] > git rev-parse --show-toplevel [1ms]
2025-11-22 10:16:27.086 [info] > git rev-parse --git-dir --git-common-dir --show-superproject-working-tree [1ms]
2025-11-22 10:16:27.089 [info] [Model][openRepository] Opened repository (path): /home/inu/powerlevel10k
2025-11-22 10:16:27.089 [info] [Model][openRepository] Opened repository (real path): /home/inu/powerlevel10k
2025-11-22 10:16:27.089 [info] [Model][openRepository] Opened repository (kind): repository
2025-11-22 10:16:27.093 [info] > git config --get commit.template [2ms]
2025-11-22 10:16:27.094 [info] > git rev-parse --show-toplevel [2ms]
2025-11-22 10:16:27.098 [info] > git for-each-ref --format=%(refname)%00%(upstream:short)%00%(objectname)%00%(upstream:track)%00%(upstream:remotename)%00%(upstream:remoteref) refs/heads/master refs/remotes/master [3ms]
2025-11-22 10:16:27.100 [warning] [Git][revParse] Unable to read file: ENOENT: no such file or directory, open '/home/inu/powerlevel10k/.git/refs/remotes/origin/master'
2025-11-22 10:16:27.100 [info] > git rev-parse --git-dir --git-common-dir --show-superproject-working-tree [3ms]
2025-11-22 10:16:27.103 [info] [Model][openRepository] Opened repository (path): /home/inu/sddm-astronaut-theme
2025-11-22 10:16:27.103 [info] [Model][openRepository] Opened repository (real path): /home/inu/sddm-astronaut-theme
2025-11-22 10:16:27.103 [info] [Model][openRepository] Opened repository (kind): repository
2025-11-22 10:16:27.107 [info] > git rev-parse refs/remotes/origin/master [7ms]
2025-11-22 10:16:27.111 [info] > git rev-parse --show-toplevel [4ms]
2025-11-22 10:16:27.111 [info] fatal: not a git repository (or any of the parent directories): .git
2025-11-22 10:16:27.111 [info] [Model][doInitialScan] Initial repository scan completed - repositories (3), closed repositories (0), parent repositories (0), unsafe repositories (0)
2025-11-22 10:16:27.111 [info] > git config --get commit.template [6ms]
2025-11-22 10:16:27.113 [info] > git for-each-ref --sort -committerdate --format %(refname)%00%(objectname)%00%(*objectname) [3ms]
2025-11-22 10:16:27.118 [info] > git for-each-ref --format=%(refname)%00%(upstream:short)%00%(objectname)%00%(upstream:track)%00%(upstream:remotename)%00%(upstream:remoteref) refs/heads/master refs/remotes/master [4ms]
2025-11-22 10:16:27.120 [warning] [Git][revParse] Unable to read file: ENOENT: no such file or directory, open '/home/inu/sddm-astronaut-theme/.git/refs/remotes/origin/master'
2025-11-22 10:16:27.120 [info] > git rev-parse refs/remotes/origin/master [0ms]
2025-11-22 10:16:27.124 [info] > git for-each-ref --sort -committerdate --format %(refname)%00%(objectname)%00%(*objectname) [1ms]
2025-11-22 10:16:27.141 [info] > git status -z -uall [33ms]
2025-11-22 10:16:27.157 [info] > git for-each-ref --format=%(refname)%00%(upstream:short)%00%(objectname)%00%(upstream:track)%00%(upstream:remotename)%00%(upstream:remoteref) refs/heads/master refs/remotes/master [3ms]
2025-11-22 10:16:27.160 [info] > git config --get --local branch.master.vscode-merge-base [0ms]
2025-11-22 10:16:27.162 [info] > git config --get commit.template [5ms]
2025-11-22 10:16:27.182 [info] > git for-each-ref --format=%(refname)%00%(upstream:short)%00%(objectname)%00%(upstream:track)%00%(upstream:remotename)%00%(upstream:remoteref) refs/heads/origin/master refs/remotes/origin/master [20ms]
2025-11-22 10:16:27.186 [info] > git merge-base refs/heads/master refs/remotes/origin/master [2ms]
2025-11-22 10:16:27.187 [info] > git for-each-ref --format=%(refname)%00%(upstream:short)%00%(objectname)%00%(upstream:track)%00%(upstream:remotename)%00%(upstream:remoteref) refs/heads/master refs/remotes/master [5ms]
2025-11-22 10:16:27.189 [warning] [Git][revParse] Unable to read file: ENOENT: no such file or directory, open '/home/inu/powerlevel10k/.git/refs/remotes/origin/master'
2025-11-22 10:16:27.190 [info] > git rev-parse refs/remotes/origin/master [1ms]
2025-11-22 10:16:27.193 [info] > git diff --name-status -z --diff-filter=ADMR 36f3045d69d1ba402db09d09eb12b42eebe0fa3b...refs/remotes/origin/master [6ms]
2025-11-22 10:16:27.194 [info] > git for-each-ref --sort -committerdate --format %(refname)%00%(objectname)%00%(*objectname) [1ms]
2025-11-22 10:16:27.197 [info] > git status -z -uall [6ms]
2025-11-22 10:16:27.247 [info] > git status -z -uall [125ms]
2025-11-22 10:16:27.253 [info] > git for-each-ref --format=%(refname)%00%(upstream:short)%00%(objectname)%00%(upstream:track)%00%(upstream:remotename)%00%(upstream:remoteref) refs/heads/master refs/remotes/master [2ms]
2025-11-22 10:16:27.255 [info] > git config --get --local branch.master.vscode-merge-base [1ms]
2025-11-22 10:16:27.255 [warning] [Git][config] git config failed: Failed to execute git
2025-11-22 10:16:27.257 [info] > git config --get commit.template [4ms]
2025-11-22 10:16:27.259 [info] > git reflog master --grep-reflog=branch: Created from *. [2ms]
2025-11-22 10:16:27.261 [info] > git for-each-ref --format=%(refname)%00%(upstream:short)%00%(objectname)%00%(upstream:track)%00%(upstream:remotename)%00%(upstream:remoteref) refs/heads/master refs/remotes/master [2ms]
2025-11-22 10:16:27.264 [warning] [Git][revParse] Unable to read file: ENOENT: no such file or directory, open '/home/inu/sddm-astronaut-theme/.git/refs/remotes/origin/master'
2025-11-22 10:16:27.264 [info] > git status -z -uall [208ms]
2025-11-22 10:16:27.264 [info] > git symbolic-ref --short refs/remotes/origin/HEAD [3ms]
2025-11-22 10:16:27.264 [info] fatal: ref refs/remotes/origin/HEAD is not a symbolic ref
2025-11-22 10:16:27.264 [warning] [Repository][getDefaultBranch] Failed to get default branch details: Failed to execute git.
2025-11-22 10:16:27.266 [info] > git rev-parse refs/remotes/origin/master [2ms]
2025-11-22 10:16:27.273 [info] > git for-each-ref --sort -committerdate --format %(refname)%00%(objectname)%00%(*objectname) [4ms]
2025-11-22 10:16:27.274 [info] > git merge-base refs/heads/master refs/remotes/origin/master [8ms]
2025-11-22 10:16:27.276 [info] > git config --get commit.template [3ms]
2025-11-22 10:16:27.276 [info] > git for-each-ref --format=%(refname)%00%(upstream:short)%00%(objectname)%00%(upstream:track)%00%(upstream:remotename)%00%(upstream:remoteref) refs/heads/master refs/remotes/master [5ms]
2025-11-22 10:16:27.277 [info] > git diff --name-status -z --diff-filter=ADMR 3acfa1b9f643265bcccf524a86e5c4964c4ba52c...refs/remotes/origin/master [2ms]
2025-11-22 10:16:27.279 [info] > git config --get --local branch.master.vscode-merge-base [2ms]
2025-11-22 10:16:27.281 [info] > git for-each-ref --format=%(refname)%00%(upstream:short)%00%(objectname)%00%(upstream:track)%00%(upstream:remotename)%00%(upstream:remoteref) refs/heads/master refs/remotes/master [2ms]
2025-11-22 10:16:27.281 [info] > git for-each-ref --format=%(refname)%00%(upstream:short)%00%(objectname)%00%(upstream:track)%00%(upstream:remotename)%00%(upstream:remoteref) refs/heads/origin/master refs/remotes/origin/master [0ms]
2025-11-22 10:16:27.286 [info] > git merge-base refs/heads/master refs/remotes/origin/master [4ms]
2025-11-22 10:16:27.288 [info] > git for-each-ref --sort -committerdate --format %(refname)%00%(objectname)%00%(*objectname) [3ms]
2025-11-22 10:16:27.288 [info] > git diff --name-status -z --diff-filter=ADMR c5f64018fffbffe6624690e929b6ff745514336b...refs/remotes/origin/master [1ms]
2025-11-22 10:16:27.302 [info] > git status -z -uall [35ms]
2025-11-22 10:16:27.303 [info] > git status -z -uall [19ms]
2025-11-22 10:16:29.694 [info] > git rev-parse --show-toplevel [1ms]
2025-11-22 10:16:29.694 [info] fatal: not a git repository (or any of the parent directories): .git
2025-11-22 11:26:14.765 [info] > git rev-parse --show-toplevel [1ms]
2025-11-22 11:26:14.767 [info] fatal: not a git repository (or any of the parent directories): .git
2025-11-22 22:32:53.377 [info] > git rev-parse --show-toplevel [4ms]
2025-11-22 22:32:53.377 [info] fatal: not a git repository (or any of the parent directories): .git
